{"/Users/bo.wang/react-native-proj/MyReactNativeLifeCycle/App.js": {"path":"/Users/bo.wang/react-native-proj/MyReactNativeLifeCycle/App.js","statementMap":{"0":{"start":{"line":1,"column":42},"end":{"line":1,"column":97}},"1":{"start":{"line":1,"column":98},"end":{"line":1,"column":160}},"2":{"start":{"line":1,"column":160},"end":{"line":1,"column":185}},"3":{"start":{"line":2,"column":13},"end":{"line":2,"column":53}},"4":{"start":{"line":3,"column":19},"end":{"line":3,"column":42}},"5":{"start":{"line":4,"column":23},"end":{"line":4,"column":79}},"6":{"start":{"line":4,"column":99},"end":{"line":4,"column":163}},"7":{"start":{"line":6,"column":10},"end":{"line":8,"column":130}},"8":{"start":{"line":6,"column":26},"end":{"line":8,"column":129}},"9":{"start":{"line":12,"column":0},"end":{"line":12,"column":3}},"10":{"start":{"line":12,"column":4},"end":{"line":12,"column":31}}},"fnMap":{"0":{"name":"App","decl":{"start":{"line":6,"column":19},"end":{"line":6,"column":22}},"loc":{"start":{"line":6,"column":25},"end":{"line":8,"column":130}},"line":6}},"branchMap":{},"s":{"0":1,"1":1,"2":1,"3":1,"4":1,"5":1,"6":1,"7":1,"8":1,"9":1,"10":1},"f":{"0":1},"b":{},"_coverageSchema":"43e27e138ebf9cfc5966b082cf9a028302ed4184","hash":"59870828886b350add266742a275260e1d07729e"}
,"/Users/bo.wang/react-native-proj/MyReactNativeLifeCycle/src/Button.js": {"path":"/Users/bo.wang/react-native-proj/MyReactNativeLifeCycle/src/Button.js","statementMap":{"0":{"start":{"line":1,"column":42},"end":{"line":1,"column":97}},"1":{"start":{"line":1,"column":98},"end":{"line":1,"column":160}},"2":{"start":{"line":1,"column":160},"end":{"line":1,"column":185}},"3":{"start":{"line":1,"column":198},"end":{"line":1,"column":238}},"4":{"start":{"line":2,"column":19},"end":{"line":2,"column":42}},"5":{"start":{"line":2,"column":62},"end":{"line":2,"column":133}},"6":{"start":{"line":4,"column":13},"end":{"line":12,"column":1}},"7":{"start":{"line":5,"column":16},"end":{"line":5,"column":34}},"8":{"start":{"line":5,"column":47},"end":{"line":5,"column":63}},"9":{"start":{"line":6,"column":12},"end":{"line":6,"column":25}},"10":{"start":{"line":6,"column":34},"end":{"line":6,"column":45}},"11":{"start":{"line":7,"column":2},"end":{"line":9,"column":136}},"12":{"start":{"line":14,"column":13},"end":{"line":30,"column":23}},"13":{"start":{"line":34,"column":0},"end":{"line":34,"column":6}},"14":{"start":{"line":34,"column":7},"end":{"line":34,"column":34}}},"fnMap":{"0":{"name":"Button","decl":{"start":{"line":4,"column":22},"end":{"line":4,"column":28}},"loc":{"start":{"line":4,"column":36},"end":{"line":12,"column":1}},"line":4}},"branchMap":{},"s":{"0":2,"1":2,"2":2,"3":2,"4":2,"5":2,"6":2,"7":1,"8":1,"9":1,"10":1,"11":1,"12":2,"13":2,"14":2},"f":{"0":1},"b":{},"_coverageSchema":"43e27e138ebf9cfc5966b082cf9a028302ed4184","hash":"3068248ce6a19ca64bad7059d734d133f87fb8f5"}
,"/Users/bo.wang/react-native-proj/MyReactNativeLifeCycle/src/CustomComponent.js": {"path":"/Users/bo.wang/react-native-proj/MyReactNativeLifeCycle/src/CustomComponent.js","statementMap":{"0":{"start":{"line":1,"column":42},"end":{"line":1,"column":97}},"1":{"start":{"line":1,"column":128},"end":{"line":1,"column":184}},"2":{"start":{"line":1,"column":185},"end":{"line":1,"column":247}},"3":{"start":{"line":1,"column":247},"end":{"line":1,"column":272}},"4":{"start":{"line":1,"column":295},"end":{"line":1,"column":367}},"5":{"start":{"line":1,"column":388},"end":{"line":1,"column":457}},"6":{"start":{"line":1,"column":492},"end":{"line":1,"column":575}},"7":{"start":{"line":1,"column":599},"end":{"line":1,"column":671}},"8":{"start":{"line":1,"column":689},"end":{"line":1,"column":755}},"9":{"start":{"line":2,"column":13},"end":{"line":2,"column":54}},"10":{"start":{"line":3,"column":19},"end":{"line":3,"column":42}},"11":{"start":{"line":4,"column":14},"end":{"line":4,"column":57}},"12":{"start":{"line":4,"column":77},"end":{"line":4,"column":157}},"13":{"start":{"line":6,"column":18},"end":{"line":99,"column":52}},"14":{"start":{"line":6,"column":41},"end":{"line":6,"column":94}},"15":{"start":{"line":7,"column":45},"end":{"line":7,"column":98}},"16":{"start":{"line":8,"column":4},"end":{"line":8,"column":125}},"17":{"start":{"line":8,"column":125},"end":{"line":25,"column":6}},"18":{"start":{"line":23,"column":20},"end":{"line":23,"column":39}},"19":{"start":{"line":24,"column":6},"end":{"line":24,"column":47}},"20":{"start":{"line":25,"column":6},"end":{"line":32,"column":6}},"21":{"start":{"line":28,"column":6},"end":{"line":30,"column":12}},"22":{"start":{"line":29,"column":19},"end":{"line":29,"column":82}},"23":{"start":{"line":32,"column":6},"end":{"line":32,"column":64}},"24":{"start":{"line":32,"column":64},"end":{"line":32,"column":99}},"25":{"start":{"line":32,"column":99},"end":{"line":32,"column":112}},"26":{"start":{"line":32,"column":113},"end":{"line":99,"column":10}},"27":{"start":{"line":32,"column":239},"end":{"line":32,"column":281}},"28":{"start":{"line":38,"column":6},"end":{"line":38,"column":31}},"29":{"start":{"line":40,"column":6},"end":{"line":40,"column":47}},"30":{"start":{"line":44,"column":6},"end":{"line":44,"column":65}},"31":{"start":{"line":48,"column":6},"end":{"line":48,"column":51}},"32":{"start":{"line":49,"column":6},"end":{"line":49,"column":31}},"33":{"start":{"line":50,"column":6},"end":{"line":50,"column":28}},"34":{"start":{"line":51,"column":6},"end":{"line":51,"column":27}},"35":{"start":{"line":52,"column":6},"end":{"line":52,"column":29}},"36":{"start":{"line":53,"column":6},"end":{"line":53,"column":32}},"37":{"start":{"line":54,"column":6},"end":{"line":54,"column":29}},"38":{"start":{"line":55,"column":6},"end":{"line":55,"column":28}},"39":{"start":{"line":56,"column":6},"end":{"line":56,"column":30}},"40":{"start":{"line":57,"column":6},"end":{"line":57,"column":18}},"41":{"start":{"line":61,"column":6},"end":{"line":61,"column":49}},"42":{"start":{"line":65,"column":6},"end":{"line":65,"column":54}},"43":{"start":{"line":66,"column":6},"end":{"line":66,"column":48}},"44":{"start":{"line":70,"column":6},"end":{"line":70,"column":46}},"45":{"start":{"line":71,"column":6},"end":{"line":71,"column":45}},"46":{"start":{"line":72,"column":6},"end":{"line":72,"column":24}},"47":{"start":{"line":73,"column":6},"end":{"line":73,"column":50}},"48":{"start":{"line":77,"column":6},"end":{"line":77,"column":47}},"49":{"start":{"line":81,"column":6},"end":{"line":81,"column":70}},"50":{"start":{"line":82,"column":6},"end":{"line":90,"column":7}},"51":{"start":{"line":83,"column":8},"end":{"line":87,"column":157}},"52":{"start":{"line":92,"column":6},"end":{"line":96,"column":168}},"53":{"start":{"line":99,"column":10},"end":{"line":99,"column":33}},"54":{"start":{"line":102,"column":0},"end":{"line":102,"column":15}},"55":{"start":{"line":102,"column":16},"end":{"line":102,"column":43}}},"fnMap":{"0":{"name":"(anonymous_0)","decl":{"start":{"line":6,"column":18},"end":{"line":6,"column":19}},"loc":{"start":{"line":6,"column":40},"end":{"line":99,"column":34}},"line":6},"1":{"name":"CustomComponent","decl":{"start":{"line":7,"column":11},"end":{"line":7,"column":26}},"loc":{"start":{"line":7,"column":34},"end":{"line":32,"column":113}},"line":7},"2":{"name":"(anonymous_2)","decl":{"start":{"line":22,"column":15},"end":{"line":22,"column":16}},"loc":{"start":{"line":22,"column":27},"end":{"line":25,"column":5}},"line":22},"3":{"name":"(anonymous_3)","decl":{"start":{"line":27,"column":24},"end":{"line":27,"column":25}},"loc":{"start":{"line":27,"column":36},"end":{"line":32,"column":5}},"line":27},"4":{"name":"(anonymous_4)","decl":{"start":{"line":29,"column":6},"end":{"line":29,"column":7}},"loc":{"start":{"line":29,"column":18},"end":{"line":29,"column":83}},"line":29},"5":{"name":"UNSAFE_componentWillMount","decl":{"start":{"line":32,"column":210},"end":{"line":32,"column":235}},"loc":{"start":{"line":32,"column":238},"end":{"line":32,"column":282}},"line":32},"6":{"name":"componentDidMount","decl":{"start":{"line":32,"column":330},"end":{"line":32,"column":347}},"loc":{"start":{"line":34,"column":4},"end":{"line":41,"column":5}},"line":34},"7":{"name":"UNSAFE_componentWillReceiveProps","decl":{"start":{"line":41,"column":68},"end":{"line":41,"column":100}},"loc":{"start":{"line":43,"column":14},"end":{"line":45,"column":5}},"line":43},"8":{"name":"shouldComponentUpdate","decl":{"start":{"line":45,"column":57},"end":{"line":45,"column":78}},"loc":{"start":{"line":47,"column":25},"end":{"line":58,"column":5}},"line":47},"9":{"name":"UNSAFE_componentWillUpdate","decl":{"start":{"line":58,"column":62},"end":{"line":58,"column":88}},"loc":{"start":{"line":60,"column":25},"end":{"line":62,"column":5}},"line":60},"10":{"name":"componentDidUpdate","decl":{"start":{"line":62,"column":54},"end":{"line":62,"column":72}},"loc":{"start":{"line":64,"column":25},"end":{"line":67,"column":5}},"line":64},"11":{"name":"componentWillUnmount","decl":{"start":{"line":67,"column":56},"end":{"line":67,"column":76}},"loc":{"start":{"line":69,"column":4},"end":{"line":74,"column":5}},"line":69},"12":{"name":"componentDidCatch","decl":{"start":{"line":74,"column":53},"end":{"line":74,"column":70}},"loc":{"start":{"line":76,"column":17},"end":{"line":78,"column":5}},"line":76},"13":{"name":"render","decl":{"start":{"line":78,"column":42},"end":{"line":78,"column":48}},"loc":{"start":{"line":80,"column":4},"end":{"line":99,"column":5}},"line":80},"14":{"name":"onPress","decl":{"start":{"line":96,"column":74},"end":{"line":96,"column":81}},"loc":{"start":{"line":96,"column":84},"end":{"line":96,"column":86}},"line":96}},"branchMap":{"0":{"loc":{"start":{"line":70,"column":6},"end":{"line":70,"column":45}},"type":"binary-expr","locations":[{"start":{"line":70,"column":6},"end":{"line":70,"column":16}},{"start":{"line":70,"column":20},"end":{"line":70,"column":45}}],"line":70},"1":{"loc":{"start":{"line":71,"column":6},"end":{"line":71,"column":44}},"type":"binary-expr","locations":[{"start":{"line":71,"column":6},"end":{"line":71,"column":16}},{"start":{"line":71,"column":20},"end":{"line":71,"column":44}}],"line":71},"2":{"loc":{"start":{"line":82,"column":6},"end":{"line":90,"column":7}},"type":"if","locations":[{"start":{"line":82,"column":6},"end":{"line":90,"column":7}},{"start":{"line":82,"column":6},"end":{"line":90,"column":7}}],"line":82}},"s":{"0":1,"1":1,"2":1,"3":1,"4":1,"5":1,"6":1,"7":1,"8":1,"9":1,"10":1,"11":1,"12":1,"13":1,"14":1,"15":0,"16":0,"17":0,"18":0,"19":0,"20":0,"21":0,"22":0,"23":0,"24":0,"25":0,"26":1,"27":0,"28":0,"29":0,"30":0,"31":0,"32":0,"33":0,"34":0,"35":0,"36":0,"37":0,"38":0,"39":0,"40":0,"41":0,"42":0,"43":0,"44":0,"45":0,"46":0,"47":0,"48":0,"49":0,"50":0,"51":0,"52":0,"53":1,"54":1,"55":1},"f":{"0":1,"1":0,"2":0,"3":0,"4":0,"5":0,"6":0,"7":0,"8":0,"9":0,"10":0,"11":0,"12":0,"13":0,"14":0},"b":{"0":[0,0],"1":[0,0],"2":[0,0]},"_coverageSchema":"43e27e138ebf9cfc5966b082cf9a028302ed4184","hash":"d93cfaf5f1dd3c26549f1c673169572400238b87"}
,"/Users/bo.wang/react-native-proj/MyReactNativeLifeCycle/src/lib/util.js": {"path":"/Users/bo.wang/react-native-proj/MyReactNativeLifeCycle/src/lib/util.js","statementMap":{"0":{"start":{"line":1,"column":13},"end":{"line":1,"column":75}},"1":{"start":{"line":1,"column":75},"end":{"line":1,"column":103}},"2":{"start":{"line":1,"column":103},"end":{"line":1,"column":168}},"3":{"start":{"line":3,"column":2},"end":{"line":7,"column":3}},"4":{"start":{"line":4,"column":4},"end":{"line":4,"column":18}},"5":{"start":{"line":6,"column":4},"end":{"line":6,"column":18}},"6":{"start":{"line":11,"column":16},"end":{"line":12,"column":60}},"7":{"start":{"line":11,"column":41},"end":{"line":12,"column":59}},"8":{"start":{"line":12,"column":61},"end":{"line":12,"column":91}},"9":{"start":{"line":14,"column":16},"end":{"line":15,"column":63}},"10":{"start":{"line":14,"column":41},"end":{"line":15,"column":62}},"11":{"start":{"line":15,"column":64},"end":{"line":15,"column":94}},"12":{"start":{"line":20,"column":0},"end":{"line":20,"column":9}},"13":{"start":{"line":20,"column":10},"end":{"line":20,"column":37}}},"fnMap":{"0":{"name":"isFriday","decl":{"start":{"line":2,"column":9},"end":{"line":2,"column":17}},"loc":{"start":{"line":2,"column":23},"end":{"line":8,"column":1}},"line":2},"1":{"name":"isWeekday","decl":{"start":{"line":11,"column":25},"end":{"line":11,"column":34}},"loc":{"start":{"line":11,"column":40},"end":{"line":12,"column":60}},"line":11},"2":{"name":"isWeekend","decl":{"start":{"line":14,"column":25},"end":{"line":14,"column":34}},"loc":{"start":{"line":14,"column":40},"end":{"line":15,"column":63}},"line":14}},"branchMap":{"0":{"loc":{"start":{"line":3,"column":2},"end":{"line":7,"column":3}},"type":"if","locations":[{"start":{"line":3,"column":2},"end":{"line":7,"column":3}},{"start":{"line":3,"column":2},"end":{"line":7,"column":3}}],"line":3},"1":{"loc":{"start":{"line":12,"column":4},"end":{"line":12,"column":57}},"type":"cond-expr","locations":[{"start":{"line":12,"column":45},"end":{"line":12,"column":50}},{"start":{"line":12,"column":53},"end":{"line":12,"column":57}}],"line":12},"2":{"loc":{"start":{"line":12,"column":4},"end":{"line":12,"column":42}},"type":"binary-expr","locations":[{"start":{"line":12,"column":4},"end":{"line":12,"column":20}},{"start":{"line":12,"column":24},"end":{"line":12,"column":42}}],"line":12},"3":{"loc":{"start":{"line":15,"column":4},"end":{"line":15,"column":60}},"type":"cond-expr","locations":[{"start":{"line":15,"column":48},"end":{"line":15,"column":53}},{"start":{"line":15,"column":56},"end":{"line":15,"column":60}}],"line":15},"4":{"loc":{"start":{"line":15,"column":6},"end":{"line":15,"column":44}},"type":"binary-expr","locations":[{"start":{"line":15,"column":6},"end":{"line":15,"column":22}},{"start":{"line":15,"column":26},"end":{"line":15,"column":44}}],"line":15}},"s":{"0":1,"1":1,"2":1,"3":4,"4":2,"5":2,"6":1,"7":1,"8":1,"9":1,"10":2,"11":1,"12":1,"13":1},"f":{"0":4,"1":1,"2":2},"b":{"0":[2,2],"1":[0,1],"2":[1,1],"3":[1,1],"4":[2,2]},"_coverageSchema":"43e27e138ebf9cfc5966b082cf9a028302ed4184","hash":"a4284f99bfb40486d4c498b6dd200f13d8c2289f"}
}
