TN:
SF:/Users/bo.wang/react-native-proj/MyReactNativeLifeCycle/App.js
FN:6,App
FNF:1
FNH:1
FNDA:1,App
DA:1,1
DA:2,1
DA:3,1
DA:4,1
DA:6,1
DA:12,1
LF:6
LH:6
BRF:0
BRH:0
end_of_record
TN:
SF:/Users/bo.wang/react-native-proj/MyReactNativeLifeCycle/src/Button.js
FN:4,Button
FNF:1
FNH:1
FNDA:1,Button
DA:1,2
DA:2,2
DA:4,2
DA:5,1
DA:6,1
DA:7,1
DA:14,2
DA:34,2
LF:8
LH:8
BRF:0
BRH:0
end_of_record
TN:
SF:/Users/bo.wang/react-native-proj/MyReactNativeLifeCycle/src/CustomComponent.js
FN:6,(anonymous_0)
FN:7,CustomComponent
FN:22,(anonymous_2)
FN:27,(anonymous_3)
FN:29,(anonymous_4)
FN:32,UNSAFE_componentWillMount
FN:32,componentDidMount
FN:41,UNSAFE_componentWillReceiveProps
FN:45,shouldComponentUpdate
FN:58,UNSAFE_componentWillUpdate
FN:62,componentDidUpdate
FN:67,componentWillUnmount
FN:74,componentDidCatch
FN:78,render
FN:96,onPress
FNF:15
FNH:1
FNDA:1,(anonymous_0)
FNDA:0,CustomComponent
FNDA:0,(anonymous_2)
FNDA:0,(anonymous_3)
FNDA:0,(anonymous_4)
FNDA:0,UNSAFE_componentWillMount
FNDA:0,componentDidMount
FNDA:0,UNSAFE_componentWillReceiveProps
FNDA:0,shouldComponentUpdate
FNDA:0,UNSAFE_componentWillUpdate
FNDA:0,componentDidUpdate
FNDA:0,componentWillUnmount
FNDA:0,componentDidCatch
FNDA:0,render
FNDA:0,onPress
DA:1,1
DA:2,1
DA:3,1
DA:4,1
DA:6,1
DA:7,0
DA:8,0
DA:23,0
DA:24,0
DA:25,0
DA:28,0
DA:29,0
DA:32,1
DA:38,0
DA:40,0
DA:44,0
DA:48,0
DA:49,0
DA:50,0
DA:51,0
DA:52,0
DA:53,0
DA:54,0
DA:55,0
DA:56,0
DA:57,0
DA:61,0
DA:65,0
DA:66,0
DA:70,0
DA:71,0
DA:72,0
DA:73,0
DA:77,0
DA:81,0
DA:82,0
DA:83,0
DA:92,0
DA:99,1
DA:102,1
LF:40
LH:8
BRDA:70,0,0,0
BRDA:70,0,1,0
BRDA:71,1,0,0
BRDA:71,1,1,0
BRDA:82,2,0,0
BRDA:82,2,1,0
BRF:6
BRH:0
end_of_record
TN:
SF:/Users/bo.wang/react-native-proj/MyReactNativeLifeCycle/src/lib/util.js
FN:2,isFriday
FN:11,isWeekday
FN:14,isWeekend
FNF:3
FNH:3
FNDA:4,isFriday
FNDA:1,isWeekday
FNDA:2,isWeekend
DA:1,1
DA:3,4
DA:4,2
DA:6,2
DA:11,1
DA:12,1
DA:14,2
DA:15,1
DA:20,1
LF:9
LH:9
BRDA:3,0,0,2
BRDA:3,0,1,2
BRDA:12,1,0,0
BRDA:12,1,1,1
BRDA:12,2,0,1
BRDA:12,2,1,1
BRDA:15,3,0,1
BRDA:15,3,1,1
BRDA:15,4,0,2
BRDA:15,4,1,2
BRF:10
BRH:9
end_of_record
